<?xml version="1.0" encoding="UTF-8"?>
<testsuites name="Green Mobile" time="0" tests="0" failures="0" errors="0">
   <testsuite name="Green Mobile" tests="0" failures="0" errors="0" time="0" timestamp="2019-05-06 10:00:50" hostname="javiercastillo - PE-HO-ATH-103.PERIFERIAGROUP.MS" id="Test Suites/Green Mobile">
      <properties>
         <property name="deviceName" value=""/>
         <property name="devicePlatform" value=""/>
         <property name="logFolder" value="C:\\Users\\javiercastillo\\Katalon Studio\\Ingreso a la Aplicacion\\Reports\\Green Mobile\\20190506_100038"/>
         <property name="logFiles" value="C:\\Users\\javiercastillo\\Katalon Studio\\Ingreso a la Aplicacion\\Reports\\Green Mobile\\20190506_100038\\execution0.log"/>
         <property name="attachments" value=""/>
         <property name="hostName" value="javiercastillo - PE-HO-ATH-103.PERIFERIAGROUP.MS"/>
         <property name="hostAddress" value="192.168.56.1"/>
         <property name="os" value="Windows 10 64bit"/>
         <property name="katalonVersion" value="6.0.5.4"/>
      </properties>
      <system-out><![CDATA[2019-05-06 10:00:50 - [TEST_SUITE][PASSED] - Green Mobile: null]]></system-out>
      <system-err><![CDATA[]]></system-err>
   </testsuite>
</testsuites>
